TN:
SF:src/js/components/BookCard.js
FN:8,(anonymous_0)
FN:23,(anonymous_1)
FN:165,(anonymous_2)
FN:300,(anonymous_3)
FN:303,(anonymous_4)
FN:304,(anonymous_5)
FN:312,(anonymous_6)
FN:313,(anonymous_7)
FN:322,(anonymous_8)
FN:330,(anonymous_9)
FN:344,(anonymous_10)
FN:395,(anonymous_11)
FN:432,(anonymous_12)
FN:472,(anonymous_13)
FN:488,(anonymous_14)
FN:508,(anonymous_15)
FN:542,(anonymous_16)
FN:552,(anonymous_17)
FN:566,(anonymous_18)
FN:576,(anonymous_19)
FN:579,(anonymous_20)
FN:593,(anonymous_21)
FN:610,(anonymous_22)
FN:618,(anonymous_23)
FNF:24
FNH:0
FNDA:0,(anonymous_0)
FNDA:0,(anonymous_1)
FNDA:0,(anonymous_2)
FNDA:0,(anonymous_3)
FNDA:0,(anonymous_4)
FNDA:0,(anonymous_5)
FNDA:0,(anonymous_6)
FNDA:0,(anonymous_7)
FNDA:0,(anonymous_8)
FNDA:0,(anonymous_9)
FNDA:0,(anonymous_10)
FNDA:0,(anonymous_11)
FNDA:0,(anonymous_12)
FNDA:0,(anonymous_13)
FNDA:0,(anonymous_14)
FNDA:0,(anonymous_15)
FNDA:0,(anonymous_16)
FNDA:0,(anonymous_17)
FNDA:0,(anonymous_18)
FNDA:0,(anonymous_19)
FNDA:0,(anonymous_20)
FNDA:0,(anonymous_21)
FNDA:0,(anonymous_22)
FNDA:0,(anonymous_23)
DA:9,0
DA:10,0
DA:11,0
DA:14,0
DA:15,0
DA:16,0
DA:24,0
DA:25,0
DA:26,0
DA:27,0
DA:28,0
DA:29,0
DA:30,0
DA:32,0
DA:33,0
DA:34,0
DA:35,0
DA:36,0
DA:37,0
DA:39,0
DA:157,0
DA:158,0
DA:166,0
DA:167,0
DA:168,0
DA:169,0
DA:170,0
DA:171,0
DA:172,0
DA:174,0
DA:175,0
DA:176,0
DA:177,0
DA:178,0
DA:179,0
DA:181,0
DA:292,0
DA:293,0
DA:302,0
DA:303,0
DA:304,0
DA:305,0
DA:306,0
DA:311,0
DA:312,0
DA:313,0
DA:314,0
DA:315,0
DA:316,0
DA:317,0
DA:322,0
DA:324,0
DA:325,0
DA:330,0
DA:331,0
DA:332,0
DA:333,0
DA:334,0
DA:345,0
DA:346,0
DA:347,0
DA:348,0
DA:351,0
DA:352,0
DA:355,0
DA:356,0
DA:360,0
DA:361,0
DA:364,0
DA:366,0
DA:368,0
DA:369,0
DA:370,0
DA:372,0
DA:373,0
DA:376,0
DA:379,0
DA:380,0
DA:383,0
DA:384,0
DA:387,0
DA:388,0
DA:396,0
DA:397,0
DA:398,0
DA:399,0
DA:402,0
DA:404,0
DA:405,0
DA:408,0
DA:409,0
DA:411,0
DA:412,0
DA:415,0
DA:416,0
DA:419,0
DA:420,0
DA:423,0
DA:424,0
DA:433,0
DA:435,0
DA:436,0
DA:438,0
DA:440,0
DA:441,0
DA:443,0
DA:445,0
DA:446,0
DA:448,0
DA:450,0
DA:451,0
DA:453,0
DA:455,0
DA:456,0
DA:458,0
DA:460,0
DA:461,0
DA:463,0
DA:473,0
DA:480,0
DA:489,0
DA:490,0
DA:493,0
DA:500,0
DA:509,0
DA:511,0
DA:512,0
DA:513,0
DA:514,0
DA:515,0
DA:517,0
DA:518,0
DA:519,0
DA:520,0
DA:521,0
DA:522,0
DA:524,0
DA:531,0
DA:532,0
DA:543,0
DA:544,0
DA:553,0
DA:554,0
DA:569,0
DA:577,0
DA:579,0
DA:580,0
DA:581,0
DA:583,0
DA:584,0
DA:586,0
DA:587,0
DA:588,0
DA:589,0
DA:593,0
DA:594,0
DA:595,0
DA:596,0
DA:597,0
DA:599,0
DA:600,0
DA:611,0
DA:619,0
DA:624,0
DA:625,0
DA:628,0
DA:629,0
DA:631,0
LF:168
LH:0
BRDA:10,0,0,0
BRDA:10,0,1,0
BRDA:28,1,0,0
BRDA:28,1,1,0
BRDA:35,2,0,0
BRDA:35,2,1,0
BRDA:35,2,2,0
BRDA:36,3,0,0
BRDA:36,3,1,0
BRDA:37,4,0,0
BRDA:37,4,1,0
BRDA:44,5,0,0
BRDA:44,5,1,0
BRDA:45,6,0,0
BRDA:45,6,1,0
BRDA:72,7,0,0
BRDA:72,7,1,0
BRDA:83,8,0,0
BRDA:83,8,1,0
BRDA:83,9,0,0
BRDA:83,9,1,0
BRDA:87,10,0,0
BRDA:87,10,1,0
BRDA:88,11,0,0
BRDA:88,11,1,0
BRDA:99,12,0,0
BRDA:99,12,1,0
BRDA:99,13,0,0
BRDA:99,13,1,0
BRDA:101,14,0,0
BRDA:101,14,1,0
BRDA:107,15,0,0
BRDA:107,15,1,0
BRDA:112,16,0,0
BRDA:112,16,1,0
BRDA:120,17,0,0
BRDA:120,17,1,0
BRDA:121,18,0,0
BRDA:121,18,1,0
BRDA:123,19,0,0
BRDA:123,19,1,0
BRDA:132,20,0,0
BRDA:132,20,1,0
BRDA:133,21,0,0
BRDA:133,21,1,0
BRDA:134,22,0,0
BRDA:134,22,1,0
BRDA:135,23,0,0
BRDA:135,23,1,0
BRDA:170,24,0,0
BRDA:170,24,1,0
BRDA:177,25,0,0
BRDA:177,25,1,0
BRDA:177,25,2,0
BRDA:178,26,0,0
BRDA:178,26,1,0
BRDA:179,27,0,0
BRDA:179,27,1,0
BRDA:185,28,0,0
BRDA:185,28,1,0
BRDA:197,29,0,0
BRDA:197,29,1,0
BRDA:199,30,0,0
BRDA:199,30,1,0
BRDA:200,31,0,0
BRDA:200,31,1,0
BRDA:201,32,0,0
BRDA:201,32,1,0
BRDA:201,33,0,0
BRDA:201,33,1,0
BRDA:214,34,0,0
BRDA:214,34,1,0
BRDA:229,35,0,0
BRDA:229,35,1,0
BRDA:234,36,0,0
BRDA:234,36,1,0
BRDA:239,37,0,0
BRDA:239,37,1,0
BRDA:239,38,0,0
BRDA:239,38,1,0
BRDA:241,39,0,0
BRDA:241,39,1,0
BRDA:246,40,0,0
BRDA:246,40,1,0
BRDA:249,41,0,0
BRDA:249,41,1,0
BRDA:260,42,0,0
BRDA:260,42,1,0
BRDA:261,43,0,0
BRDA:261,43,1,0
BRDA:262,44,0,0
BRDA:262,44,1,0
BRDA:263,45,0,0
BRDA:263,45,1,0
BRDA:324,46,0,0
BRDA:324,46,1,0
BRDA:331,47,0,0
BRDA:331,47,1,0
BRDA:331,48,0,0
BRDA:331,48,1,0
BRDA:332,49,0,0
BRDA:332,49,1,0
BRDA:345,50,0,0
BRDA:345,50,1,0
BRDA:355,51,0,0
BRDA:355,51,1,0
BRDA:360,52,0,0
BRDA:360,52,1,0
BRDA:360,53,0,0
BRDA:360,53,1,0
BRDA:366,54,0,0
BRDA:366,54,1,0
BRDA:369,55,0,0
BRDA:369,55,1,0
BRDA:372,56,0,0
BRDA:372,56,1,0
BRDA:379,57,0,0
BRDA:379,57,1,0
BRDA:396,58,0,0
BRDA:396,58,1,0
BRDA:404,59,0,0
BRDA:404,59,1,0
BRDA:411,60,0,0
BRDA:411,60,1,0
BRDA:415,61,0,0
BRDA:415,61,1,0
BRDA:433,62,0,0
BRDA:433,62,1,0
BRDA:433,62,2,0
BRDA:433,62,3,0
BRDA:433,62,4,0
BRDA:433,62,5,0
BRDA:433,62,6,0
BRDA:435,63,0,0
BRDA:435,63,1,0
BRDA:440,64,0,0
BRDA:440,64,1,0
BRDA:445,65,0,0
BRDA:445,65,1,0
BRDA:450,66,0,0
BRDA:450,66,1,0
BRDA:455,67,0,0
BRDA:455,67,1,0
BRDA:480,68,0,0
BRDA:480,68,1,0
BRDA:489,69,0,0
BRDA:489,69,1,0
BRDA:489,70,0,0
BRDA:489,70,1,0
BRDA:500,71,0,0
BRDA:500,71,1,0
BRDA:509,72,0,0
BRDA:509,72,1,0
BRDA:517,73,0,0
BRDA:517,73,1,0
BRDA:519,74,0,0
BRDA:519,74,1,0
BRDA:521,75,0,0
BRDA:521,75,1,0
BRDA:543,76,0,0
BRDA:543,76,1,0
BRDA:543,77,0,0
BRDA:543,77,1,0
BRDA:553,78,0,0
BRDA:553,78,1,0
BRDA:577,79,0,0
BRDA:577,79,1,0
BRDA:581,80,0,0
BRDA:581,80,1,0
BRDA:586,81,0,0
BRDA:586,81,1,0
BRDA:586,82,0,0
BRDA:586,82,1,0
BRDA:594,83,0,0
BRDA:594,83,1,0
BRDA:599,84,0,0
BRDA:599,84,1,0
BRDA:628,85,0,0
BRDA:628,85,1,0
BRDA:628,86,0,0
BRDA:628,86,1,0
BRF:181
BRH:0
end_of_record
TN:
SF:src/js/components/SearchFilter.js
FN:8,(anonymous_0)
FN:39,(anonymous_1)
FN:53,(anonymous_2)
FN:76,(anonymous_3)
FN:79,(anonymous_4)
FN:83,(anonymous_5)
FN:92,(anonymous_6)
FN:99,(anonymous_7)
FN:105,(anonymous_8)
FN:111,(anonymous_9)
FN:118,(anonymous_10)
FN:124,(anonymous_11)
FN:132,(anonymous_12)
FN:142,(anonymous_13)
FN:154,(anonymous_14)
FN:163,(anonymous_15)
FN:187,(anonymous_16)
FN:213,(anonymous_17)
FN:243,(anonymous_18)
FN:253,(anonymous_19)
FN:287,(anonymous_20)
FN:295,(anonymous_21)
FN:303,(anonymous_22)
FN:311,(anonymous_23)
FN:324,(anonymous_24)
FN:350,(anonymous_25)
FN:371,(anonymous_26)
FN:400,(anonymous_27)
FN:416,(anonymous_28)
FN:425,(anonymous_29)
FN:432,(anonymous_30)
FN:436,(anonymous_31)
FN:450,(anonymous_32)
FN:471,(anonymous_33)
FN:499,(anonymous_34)
FN:513,(anonymous_35)
FN:528,(anonymous_36)
FN:546,(anonymous_37)
FN:551,(anonymous_38)
FN:554,(anonymous_39)
FN:566,(anonymous_40)
FN:571,(anonymous_41)
FN:574,(anonymous_42)
FN:585,(anonymous_43)
FN:604,(anonymous_44)
FN:621,(anonymous_45)
FN:632,(anonymous_46)
FN:656,(anonymous_47)
FN:670,(anonymous_48)
FN:689,(anonymous_49)
FN:697,(anonymous_50)
FNF:51
FNH:0
FNDA:0,(anonymous_0)
FNDA:0,(anonymous_1)
FNDA:0,(anonymous_2)
FNDA:0,(anonymous_3)
FNDA:0,(anonymous_4)
FNDA:0,(anonymous_5)
FNDA:0,(anonymous_6)
FNDA:0,(anonymous_7)
FNDA:0,(anonymous_8)
FNDA:0,(anonymous_9)
FNDA:0,(anonymous_10)
FNDA:0,(anonymous_11)
FNDA:0,(anonymous_12)
FNDA:0,(anonymous_13)
FNDA:0,(anonymous_14)
FNDA:0,(anonymous_15)
FNDA:0,(anonymous_16)
FNDA:0,(anonymous_17)
FNDA:0,(anonymous_18)
FNDA:0,(anonymous_19)
FNDA:0,(anonymous_20)
FNDA:0,(anonymous_21)
FNDA:0,(anonymous_22)
FNDA:0,(anonymous_23)
FNDA:0,(anonymous_24)
FNDA:0,(anonymous_25)
FNDA:0,(anonymous_26)
FNDA:0,(anonymous_27)
FNDA:0,(anonymous_28)
FNDA:0,(anonymous_29)
FNDA:0,(anonymous_30)
FNDA:0,(anonymous_31)
FNDA:0,(anonymous_32)
FNDA:0,(anonymous_33)
FNDA:0,(anonymous_34)
FNDA:0,(anonymous_35)
FNDA:0,(anonymous_36)
FNDA:0,(anonymous_37)
FNDA:0,(anonymous_38)
FNDA:0,(anonymous_39)
FNDA:0,(anonymous_40)
FNDA:0,(anonymous_41)
FNDA:0,(anonymous_42)
FNDA:0,(anonymous_43)
FNDA:0,(anonymous_44)
FNDA:0,(anonymous_45)
FNDA:0,(anonymous_46)
FNDA:0,(anonymous_47)
FNDA:0,(anonymous_48)
FNDA:0,(anonymous_49)
FNDA:0,(anonymous_50)
DA:9,0
DA:16,0
DA:17,0
DA:18,0
DA:19,0
DA:20,0
DA:23,0
DA:24,0
DA:25,0
DA:26,0
DA:27,0
DA:28,0
DA:29,0
DA:30,0
DA:31,0
DA:33,0
DA:40,0
DA:41,0
DA:43,0
DA:44,0
DA:47,0
DA:54,0
DA:55,0
DA:56,0
DA:57,0
DA:58,0
DA:59,0
DA:60,0
DA:61,0
DA:62,0
DA:65,0
DA:66,0
DA:68,0
DA:69,0
DA:78,0
DA:79,0
DA:80,0
DA:83,0
DA:84,0
DA:85,0
DA:91,0
DA:92,0
DA:93,0
DA:98,0
DA:99,0
DA:100,0
DA:104,0
DA:105,0
DA:106,0
DA:110,0
DA:111,0
DA:112,0
DA:117,0
DA:118,0
DA:119,0
DA:123,0
DA:124,0
DA:125,0
DA:126,0
DA:131,0
DA:132,0
DA:133,0
DA:144,0
DA:145,0
DA:149,0
DA:150,0
DA:154,0
DA:155,0
DA:164,0
DA:167,0
DA:168,0
DA:169,0
DA:173,0
DA:174,0
DA:178,0
DA:188,0
DA:189,0
DA:191,0
DA:195,0
DA:196,0
DA:200,0
DA:201,0
DA:205,0
DA:214,0
DA:217,0
DA:218,0
DA:219,0
DA:221,0
DA:222,0
DA:224,0
DA:225,0
DA:230,0
DA:231,0
DA:235,0
DA:236,0
DA:244,0
DA:245,0
DA:246,0
DA:255,0
DA:258,0
DA:261,0
DA:262,0
DA:263,0
DA:266,0
DA:267,0
DA:270,0
DA:271,0
DA:275,0
DA:276,0
DA:280,0
DA:288,0
DA:296,0
DA:304,0
DA:312,0
DA:325,0
DA:328,0
DA:329,0
DA:331,0
DA:332,0
DA:334,0
DA:335,0
DA:338,0
DA:339,0
DA:342,0
DA:351,0
DA:352,0
DA:355,0
DA:356,0
DA:359,0
DA:360,0
DA:372,0
DA:375,0
DA:376,0
DA:380,0
DA:381,0
DA:382,0
DA:384,0
DA:385,0
DA:387,0
DA:388,0
DA:392,0
DA:393,0
DA:401,0
DA:403,0
DA:405,0
DA:406,0
DA:407,0
DA:409,0
DA:417,0
DA:418,0
DA:420,0
DA:423,0
DA:424,0
DA:425,0
DA:426,0
DA:428,0
DA:432,0
DA:433,0
DA:434,0
DA:436,0
DA:437,0
DA:439,0
DA:451,0
DA:452,0
DA:453,0
DA:461,0
DA:462,0
DA:464,0
DA:472,0
DA:475,0
DA:476,0
DA:477,0
DA:481,0
DA:482,0
DA:486,0
DA:487,0
DA:491,0
DA:500,0
DA:501,0
DA:502,0
DA:503,0
DA:504,0
DA:514,0
DA:519,0
DA:529,0
DA:530,0
DA:537,0
DA:539,0
DA:547,0
DA:550,0
DA:551,0
DA:554,0
DA:555,0
DA:556,0
DA:557,0
DA:558,0
DA:567,0
DA:570,0
DA:571,0
DA:574,0
DA:575,0
DA:576,0
DA:577,0
DA:578,0
DA:586,0
DA:587,0
DA:588,0
DA:591,0
DA:592,0
DA:593,0
DA:594,0
DA:595,0
DA:596,0
DA:599,0
DA:600,0
DA:601,0
DA:604,0
DA:605,0
DA:608,0
DA:609,0
DA:612,0
DA:614,0
DA:622,0
DA:623,0
DA:624,0
DA:627,0
DA:628,0
DA:631,0
DA:632,0
DA:633,0
DA:634,0
DA:635,0
DA:638,0
DA:641,0
DA:642,0
DA:643,0
DA:645,0
DA:647,0
DA:657,0
DA:658,0
DA:671,0
DA:673,0
DA:674,0
DA:675,0
DA:678,0
DA:680,0
DA:681,0
DA:683,0
DA:690,0
DA:691,0
DA:698,0
DA:699,0
DA:704,0
DA:709,0
DA:710,0
DA:712,0
LF:256
LH:0
BRDA:8,0,0,0
BRDA:43,1,0,0
BRDA:43,1,1,0
BRDA:65,2,0,0
BRDA:65,2,1,0
BRDA:68,3,0,0
BRDA:68,3,1,0
BRDA:78,4,0,0
BRDA:78,4,1,0
BRDA:84,5,0,0
BRDA:84,5,1,0
BRDA:91,6,0,0
BRDA:91,6,1,0
BRDA:98,7,0,0
BRDA:98,7,1,0
BRDA:104,8,0,0
BRDA:104,8,1,0
BRDA:110,9,0,0
BRDA:110,9,1,0
BRDA:117,10,0,0
BRDA:117,10,1,0
BRDA:123,11,0,0
BRDA:123,11,1,0
BRDA:125,12,0,0
BRDA:125,12,1,0
BRDA:131,13,0,0
BRDA:131,13,1,0
BRDA:144,14,0,0
BRDA:144,14,1,0
BRDA:149,15,0,0
BRDA:149,15,1,0
BRDA:150,16,0,0
BRDA:150,16,1,0
BRDA:167,17,0,0
BRDA:167,17,1,0
BRDA:167,18,0,0
BRDA:167,18,1,0
BRDA:168,19,0,0
BRDA:168,19,1,0
BRDA:173,20,0,0
BRDA:173,20,1,0
BRDA:188,21,0,0
BRDA:188,21,1,0
BRDA:195,22,0,0
BRDA:195,22,1,0
BRDA:200,23,0,0
BRDA:200,23,1,0
BRDA:217,24,0,0
BRDA:217,24,1,0
BRDA:221,25,0,0
BRDA:221,25,1,0
BRDA:222,26,0,0
BRDA:222,26,1,0
BRDA:224,27,0,0
BRDA:224,27,1,0
BRDA:225,28,0,0
BRDA:225,28,1,0
BRDA:230,29,0,0
BRDA:230,29,1,0
BRDA:235,30,0,0
BRDA:235,30,1,0
BRDA:244,31,0,0
BRDA:244,31,1,0
BRDA:261,32,0,0
BRDA:261,32,1,0
BRDA:262,33,0,0
BRDA:262,33,1,0
BRDA:263,34,0,0
BRDA:263,34,1,0
BRDA:267,35,0,0
BRDA:267,35,1,0
BRDA:270,36,0,0
BRDA:270,36,1,0
BRDA:275,37,0,0
BRDA:275,37,1,0
BRDA:288,38,0,0
BRDA:288,38,1,0
BRDA:324,39,0,0
BRDA:328,40,0,0
BRDA:328,40,1,0
BRDA:328,41,0,0
BRDA:328,41,1,0
BRDA:329,42,0,0
BRDA:329,42,1,0
BRDA:331,43,0,0
BRDA:331,43,1,0
BRDA:331,44,0,0
BRDA:331,44,1,0
BRDA:332,45,0,0
BRDA:332,45,1,0
BRDA:334,46,0,0
BRDA:334,46,1,0
BRDA:334,47,0,0
BRDA:334,47,1,0
BRDA:335,48,0,0
BRDA:335,48,1,0
BRDA:338,49,0,0
BRDA:338,49,1,0
BRDA:338,50,0,0
BRDA:338,50,1,0
BRDA:350,51,0,0
BRDA:351,52,0,0
BRDA:351,52,1,0
BRDA:355,53,0,0
BRDA:355,53,1,0
BRDA:356,54,0,0
BRDA:356,54,1,0
BRDA:359,55,0,0
BRDA:359,55,1,0
BRDA:359,56,0,0
BRDA:359,56,1,0
BRDA:371,57,0,0
BRDA:375,58,0,0
BRDA:375,58,1,0
BRDA:380,59,0,0
BRDA:380,59,1,0
BRDA:384,60,0,0
BRDA:384,60,1,0
BRDA:385,61,0,0
BRDA:385,61,1,0
BRDA:387,62,0,0
BRDA:387,62,1,0
BRDA:388,63,0,0
BRDA:388,63,1,0
BRDA:392,64,0,0
BRDA:392,64,1,0
BRDA:392,65,0,0
BRDA:392,65,1,0
BRDA:401,66,0,0
BRDA:401,66,1,0
BRDA:403,67,0,0
BRDA:403,67,1,0
BRDA:405,68,0,0
BRDA:405,68,1,0
BRDA:418,69,0,0
BRDA:418,69,1,0
BRDA:424,70,0,0
BRDA:424,70,1,0
BRDA:476,71,0,0
BRDA:476,71,1,0
BRDA:481,72,0,0
BRDA:481,72,1,0
BRDA:486,73,0,0
BRDA:486,73,1,0
BRDA:500,74,0,0
BRDA:500,74,1,0
BRDA:500,74,2,0
BRDA:500,74,3,0
BRDA:519,75,0,0
BRDA:519,75,1,0
BRDA:529,76,0,0
BRDA:529,76,1,0
BRDA:537,77,0,0
BRDA:537,77,1,0
BRDA:547,78,0,0
BRDA:547,78,1,0
BRDA:567,79,0,0
BRDA:567,79,1,0
BRDA:600,80,0,0
BRDA:600,80,1,0
BRDA:627,81,0,0
BRDA:627,81,1,0
BRDA:634,82,0,0
BRDA:634,82,1,0
BRDA:641,83,0,0
BRDA:641,83,1,0
BRDA:642,84,0,0
BRDA:642,84,1,0
BRDA:657,85,0,0
BRDA:657,85,1,0
BRDA:674,86,0,0
BRDA:674,86,1,0
BRDA:698,87,0,0
BRDA:698,87,1,0
BRDA:709,88,0,0
BRDA:709,88,1,0
BRDA:709,89,0,0
BRDA:709,89,1,0
BRF:178
BRH:0
end_of_record
TN:
SF:src/js/components/ViewToggle.js
FN:8,(anonymous_0)
FN:33,(anonymous_1)
FN:45,(anonymous_2)
FN:72,(anonymous_3)
FN:112,(anonymous_4)
FN:115,(anonymous_5)
FN:122,(anonymous_6)
FN:128,(anonymous_7)
FN:134,(anonymous_8)
FN:154,(anonymous_9)
FN:170,(anonymous_10)
FN:185,(anonymous_11)
FN:220,(anonymous_12)
FN:229,(anonymous_13)
FN:236,(anonymous_14)
FN:259,(anonymous_15)
FN:286,(anonymous_16)
FN:313,(anonymous_17)
FN:321,(anonymous_18)
FN:334,(anonymous_19)
FN:358,(anonymous_20)
FN:363,(anonymous_21)
FN:376,(anonymous_22)
FN:384,(anonymous_23)
FN:387,(anonymous_24)
FN:400,(anonymous_25)
FN:481,(anonymous_26)
FN:493,(anonymous_27)
FNF:28
FNH:0
FNDA:0,(anonymous_0)
FNDA:0,(anonymous_1)
FNDA:0,(anonymous_2)
FNDA:0,(anonymous_3)
FNDA:0,(anonymous_4)
FNDA:0,(anonymous_5)
FNDA:0,(anonymous_6)
FNDA:0,(anonymous_7)
FNDA:0,(anonymous_8)
FNDA:0,(anonymous_9)
FNDA:0,(anonymous_10)
FNDA:0,(anonymous_11)
FNDA:0,(anonymous_12)
FNDA:0,(anonymous_13)
FNDA:0,(anonymous_14)
FNDA:0,(anonymous_15)
FNDA:0,(anonymous_16)
FNDA:0,(anonymous_17)
FNDA:0,(anonymous_18)
FNDA:0,(anonymous_19)
FNDA:0,(anonymous_20)
FNDA:0,(anonymous_21)
FNDA:0,(anonymous_22)
FNDA:0,(anonymous_23)
FNDA:0,(anonymous_24)
FNDA:0,(anonymous_25)
FNDA:0,(anonymous_26)
FNDA:0,(anonymous_27)
DA:9,0
DA:17,0
DA:18,0
DA:19,0
DA:22,0
DA:23,0
DA:24,0
DA:25,0
DA:27,0
DA:34,0
DA:35,0
DA:36,0
DA:37,0
DA:39,0
DA:47,0
DA:48,0
DA:49,0
DA:50,0
DA:53,0
DA:54,0
DA:56,0
DA:57,0
DA:59,0
DA:60,0
DA:64,0
DA:65,0
DA:74,0
DA:78,0
DA:79,0
DA:80,0
DA:84,0
DA:85,0
DA:86,0
DA:102,0
DA:105,0
DA:106,0
DA:114,0
DA:115,0
DA:116,0
DA:121,0
DA:122,0
DA:123,0
DA:127,0
DA:128,0
DA:129,0
DA:134,0
DA:136,0
DA:137,0
DA:138,0
DA:139,0
DA:140,0
DA:141,0
DA:142,0
DA:143,0
DA:144,0
DA:145,0
DA:155,0
DA:157,0
DA:158,0
DA:159,0
DA:160,0
DA:163,0
DA:171,0
DA:173,0
DA:174,0
DA:176,0
DA:186,0
DA:187,0
DA:188,0
DA:191,0
DA:192,0
DA:195,0
DA:196,0
DA:199,0
DA:202,0
DA:205,0
DA:206,0
DA:210,0
DA:211,0
DA:214,0
DA:221,0
DA:222,0
DA:230,0
DA:238,0
DA:239,0
DA:243,0
DA:244,0
DA:248,0
DA:249,0
DA:253,0
DA:260,0
DA:261,0
DA:263,0
DA:264,0
DA:265,0
DA:266,0
DA:267,0
DA:269,0
DA:270,0
DA:271,0
DA:275,0
DA:276,0
DA:280,0
DA:288,0
DA:289,0
DA:290,0
DA:291,0
DA:293,0
DA:294,0
DA:295,0
DA:299,0
DA:300,0
DA:301,0
DA:302,0
DA:304,0
DA:305,0
DA:306,0
DA:314,0
DA:315,0
DA:323,0
DA:326,0
DA:335,0
DA:337,0
DA:340,0
DA:343,0
DA:344,0
DA:345,0
DA:349,0
DA:352,0
DA:355,0
DA:358,0
DA:360,0
DA:363,0
DA:364,0
DA:365,0
DA:366,0
DA:377,0
DA:385,0
DA:387,0
DA:388,0
DA:389,0
DA:390,0
DA:392,0
DA:402,0
DA:404,0
DA:405,0
DA:406,0
DA:474,0
DA:482,0
DA:498,0
DA:500,0
DA:505,0
DA:506,0
DA:508,0
LF:154
LH:0
BRDA:8,0,0,0
BRDA:53,1,0,0
BRDA:53,1,1,0
BRDA:56,2,0,0
BRDA:56,2,1,0
BRDA:59,3,0,0
BRDA:59,3,1,0
BRDA:64,4,0,0
BRDA:64,4,1,0
BRDA:64,5,0,0
BRDA:64,5,1,0
BRDA:64,5,2,0
BRDA:74,6,0,0
BRDA:74,6,1,0
BRDA:74,6,2,0
BRDA:78,7,0,0
BRDA:78,7,1,0
BRDA:114,8,0,0
BRDA:114,8,1,0
BRDA:121,9,0,0
BRDA:121,9,1,0
BRDA:127,10,0,0
BRDA:127,10,1,0
BRDA:136,11,0,0
BRDA:136,11,1,0
BRDA:136,12,0,0
BRDA:136,12,1,0
BRDA:137,13,0,0
BRDA:137,13,1,0
BRDA:137,14,0,0
BRDA:137,14,1,0
BRDA:140,15,0,0
BRDA:140,15,1,0
BRDA:140,16,0,0
BRDA:140,16,1,0
BRDA:143,17,0,0
BRDA:143,17,1,0
BRDA:143,18,0,0
BRDA:143,18,1,0
BRDA:155,19,0,0
BRDA:155,19,1,0
BRDA:159,20,0,0
BRDA:159,20,1,0
BRDA:159,21,0,0
BRDA:159,21,1,0
BRDA:159,21,2,0
BRDA:171,22,0,0
BRDA:171,22,1,0
BRDA:185,23,0,0
BRDA:186,24,0,0
BRDA:186,24,1,0
BRDA:186,25,0,0
BRDA:186,25,1,0
BRDA:191,26,0,0
BRDA:191,26,1,0
BRDA:191,27,0,0
BRDA:191,27,1,0
BRDA:205,28,0,0
BRDA:205,28,1,0
BRDA:210,29,0,0
BRDA:210,29,1,0
BRDA:221,30,0,0
BRDA:221,30,1,0
BRDA:238,31,0,0
BRDA:238,31,1,0
BRDA:243,32,0,0
BRDA:243,32,1,0
BRDA:243,33,0,0
BRDA:243,33,1,0
BRDA:248,34,0,0
BRDA:248,34,1,0
BRDA:263,35,0,0
BRDA:263,35,1,0
BRDA:264,36,0,0
BRDA:264,36,1,0
BRDA:275,37,0,0
BRDA:275,37,1,0
BRDA:276,38,0,0
BRDA:276,38,1,0
BRDA:288,39,0,0
BRDA:288,39,1,0
BRDA:299,40,0,0
BRDA:299,40,1,0
BRDA:314,41,0,0
BRDA:314,41,1,0
BRDA:335,42,0,0
BRDA:335,42,1,0
BRDA:340,43,0,0
BRDA:340,43,1,0
BRDA:343,44,0,0
BRDA:343,44,1,0
BRDA:377,45,0,0
BRDA:377,45,1,0
BRDA:377,45,2,0
BRDA:389,46,0,0
BRDA:389,46,1,0
BRDA:402,47,0,0
BRDA:402,47,1,0
BRDA:505,48,0,0
BRDA:505,48,1,0
BRDA:505,49,0,0
BRDA:505,49,1,0
BRF:102
BRH:0
end_of_record
TN:
SF:src/js/examples/libraryServiceIntegration.js
FN:12,loadUserLibrary
FN:36,addBookToLibrary
FN:60,updateReadingStatus
FN:89,searchLibrary
FN:110,loadLibraryStats
FN:126,checkBookInLibrary
FN:141,displayLibraryBooks
FN:146,displaySearchResults
FN:151,displayLibraryStats
FN:156,showSuccessMessage
FN:161,showErrorMessage
FN:167,validateBookData
FN:186,addBookWithValidation
FNF:13
FNH:0
FNDA:0,loadUserLibrary
FNDA:0,addBookToLibrary
FNDA:0,updateReadingStatus
FNDA:0,searchLibrary
FNDA:0,loadLibraryStats
FNDA:0,checkBookInLibrary
FNDA:0,displayLibraryBooks
FNDA:0,displaySearchResults
FNDA:0,displayLibraryStats
FNDA:0,showSuccessMessage
FNDA:0,showErrorMessage
FNDA:0,validateBookData
FNDA:0,addBookWithValidation
DA:9,0
DA:13,0
DA:15,0
DA:22,0
DA:23,0
DA:24,0
DA:26,0
DA:27,0
DA:30,0
DA:31,0
DA:37,0
DA:38,0
DA:44,0
DA:45,0
DA:46,0
DA:48,0
DA:50,0
DA:51,0
DA:54,0
DA:55,0
DA:61,0
DA:62,0
DA:67,0
DA:68,0
DA:71,0
DA:73,0
DA:74,0
DA:75,0
DA:77,0
DA:79,0
DA:80,0
DA:83,0
DA:84,0
DA:90,0
DA:91,0
DA:96,0
DA:97,0
DA:98,0
DA:100,0
DA:101,0
DA:104,0
DA:105,0
DA:111,0
DA:112,0
DA:114,0
DA:115,0
DA:116,0
DA:118,0
DA:121,0
DA:127,0
DA:128,0
DA:130,0
DA:131,0
DA:133,0
DA:135,0
DA:136,0
DA:142,0
DA:147,0
DA:152,0
DA:157,0
DA:162,0
DA:168,0
DA:170,0
DA:171,0
DA:174,0
DA:175,0
DA:178,0
DA:179,0
DA:182,0
DA:188,0
DA:189,0
DA:190,0
DA:191,0
DA:195,0
DA:196,0
DA:197,0
DA:198,0
DA:202,0
DA:206,0
DA:207,0
DA:218,0
LF:81
LH:0
BRDA:22,0,0,0
BRDA:22,0,1,0
BRDA:44,1,0,0
BRDA:44,1,1,0
BRDA:67,2,0,0
BRDA:67,2,1,0
BRDA:73,3,0,0
BRDA:73,3,1,0
BRDA:96,4,0,0
BRDA:96,4,1,0
BRDA:114,5,0,0
BRDA:114,5,1,0
BRDA:130,6,0,0
BRDA:130,6,1,0
BRDA:170,7,0,0
BRDA:170,7,1,0
BRDA:174,8,0,0
BRDA:174,8,1,0
BRDA:174,9,0,0
BRDA:174,9,1,0
BRDA:178,10,0,0
BRDA:178,10,1,0
BRDA:178,11,0,0
BRDA:178,11,1,0
BRDA:189,12,0,0
BRDA:189,12,1,0
BRDA:196,13,0,0
BRDA:196,13,1,0
BRDA:206,14,0,0
BRDA:206,14,1,0
BRDA:206,15,0,0
BRDA:206,15,1,0
BRF:32
BRH:0
end_of_record
TN:
SF:src/js/pages/libraryPage.js
FN:7,(anonymous_0)
FN:17,(anonymous_1)
FN:72,(anonymous_2)
FN:103,(anonymous_3)
FN:134,(anonymous_4)
FN:181,(anonymous_5)
FN:189,(anonymous_6)
FN:195,(anonymous_7)
FN:201,(anonymous_8)
FN:212,(anonymous_9)
FN:220,(anonymous_10)
FN:230,(anonymous_11)
FN:252,(anonymous_12)
FN:294,(anonymous_13)
FN:301,(anonymous_14)
FN:311,(anonymous_15)
FN:320,(anonymous_16)
FN:329,(anonymous_17)
FN:338,(anonymous_18)
FN:346,(anonymous_19)
FN:366,(anonymous_20)
FN:369,(anonymous_21)
FN:391,(anonymous_22)
FN:417,(anonymous_23)
FN:425,(anonymous_24)
FN:440,(anonymous_25)
FN:459,(anonymous_26)
FN:470,(anonymous_27)
FN:492,(anonymous_28)
FN:501,(anonymous_29)
FN:506,(anonymous_30)
FN:507,(anonymous_31)
FN:508,(anonymous_32)
FN:526,(anonymous_33)
FN:568,(anonymous_34)
FN:608,(anonymous_35)
FN:620,(anonymous_36)
FN:631,(anonymous_37)
FN:647,(anonymous_38)
FN:662,(anonymous_39)
FN:673,(anonymous_40)
FN:688,(anonymous_41)
FN:696,(anonymous_42)
FN:712,(anonymous_43)
FNF:44
FNH:0
FNDA:0,(anonymous_0)
FNDA:0,(anonymous_1)
FNDA:0,(anonymous_2)
FNDA:0,(anonymous_3)
FNDA:0,(anonymous_4)
FNDA:0,(anonymous_5)
FNDA:0,(anonymous_6)
FNDA:0,(anonymous_7)
FNDA:0,(anonymous_8)
FNDA:0,(anonymous_9)
FNDA:0,(anonymous_10)
FNDA:0,(anonymous_11)
FNDA:0,(anonymous_12)
FNDA:0,(anonymous_13)
FNDA:0,(anonymous_14)
FNDA:0,(anonymous_15)
FNDA:0,(anonymous_16)
FNDA:0,(anonymous_17)
FNDA:0,(anonymous_18)
FNDA:0,(anonymous_19)
FNDA:0,(anonymous_20)
FNDA:0,(anonymous_21)
FNDA:0,(anonymous_22)
FNDA:0,(anonymous_23)
FNDA:0,(anonymous_24)
FNDA:0,(anonymous_25)
FNDA:0,(anonymous_26)
FNDA:0,(anonymous_27)
FNDA:0,(anonymous_28)
FNDA:0,(anonymous_29)
FNDA:0,(anonymous_30)
FNDA:0,(anonymous_31)
FNDA:0,(anonymous_32)
FNDA:0,(anonymous_33)
FNDA:0,(anonymous_34)
FNDA:0,(anonymous_35)
FNDA:0,(anonymous_36)
FNDA:0,(anonymous_37)
FNDA:0,(anonymous_38)
FNDA:0,(anonymous_39)
FNDA:0,(anonymous_40)
FNDA:0,(anonymous_41)
FNDA:0,(anonymous_42)
FNDA:0,(anonymous_43)
DA:7,0
DA:11,0
DA:12,0
DA:13,0
DA:14,0
DA:18,0
DA:19,0
DA:20,0
DA:23,0
DA:24,0
DA:25,0
DA:26,0
DA:27,0
DA:28,0
DA:31,0
DA:34,0
DA:35,0
DA:36,0
DA:39,0
DA:51,0
DA:60,0
DA:61,0
DA:62,0
DA:63,0
DA:64,0
DA:65,0
DA:66,0
DA:73,0
DA:74,0
DA:77,0
DA:80,0
DA:83,0
DA:86,0
DA:88,0
DA:89,0
DA:92,0
DA:95,0
DA:96,0
DA:104,0
DA:105,0
DA:106,0
DA:107,0
DA:108,0
DA:109,0
DA:110,0
DA:111,0
DA:114,0
DA:115,0
DA:116,0
DA:117,0
DA:118,0
DA:119,0
DA:123,0
DA:124,0
DA:126,0
DA:127,0
DA:136,0
DA:137,0
DA:143,0
DA:144,0
DA:146,0
DA:150,0
DA:151,0
DA:157,0
DA:158,0
DA:160,0
DA:164,0
DA:165,0
DA:171,0
DA:175,0
DA:183,0
DA:184,0
DA:188,0
DA:189,0
DA:190,0
DA:194,0
DA:195,0
DA:196,0
DA:200,0
DA:201,0
DA:202,0
DA:203,0
DA:204,0
DA:205,0
DA:212,0
DA:213,0
DA:214,0
DA:215,0
DA:220,0
DA:221,0
DA:222,0
DA:231,0
DA:233,0
DA:234,0
DA:235,0
DA:239,0
DA:240,0
DA:241,0
DA:244,0
DA:253,0
DA:255,0
DA:256,0
DA:257,0
DA:260,0
DA:263,0
DA:264,0
DA:266,0
DA:269,0
DA:271,0
DA:272,0
DA:273,0
DA:276,0
DA:279,0
DA:280,0
DA:281,0
DA:284,0
DA:285,0
DA:287,0
DA:295,0
DA:302,0
DA:312,0
DA:313,0
DA:314,0
DA:321,0
DA:322,0
DA:323,0
DA:330,0
DA:331,0
DA:332,0
DA:339,0
DA:340,0
DA:343,0
DA:346,0
DA:347,0
DA:348,0
DA:349,0
DA:350,0
DA:351,0
DA:355,0
DA:358,0
DA:359,0
DA:367,0
DA:369,0
DA:370,0
DA:373,0
DA:374,0
DA:382,0
DA:385,0
DA:388,0
DA:391,0
DA:392,0
DA:393,0
DA:396,0
DA:397,0
DA:398,0
DA:401,0
DA:404,0
DA:405,0
DA:409,0
DA:410,0
DA:419,0
DA:426,0
DA:427,0
DA:430,0
DA:431,0
DA:434,0
DA:441,0
DA:444,0
DA:447,0
DA:450,0
DA:451,0
DA:452,0
DA:456,0
DA:459,0
DA:460,0
DA:461,0
DA:462,0
DA:471,0
DA:472,0
DA:475,0
DA:478,0
DA:479,0
DA:480,0
DA:481,0
DA:483,0
DA:493,0
DA:494,0
DA:502,0
DA:504,0
DA:506,0
DA:507,0
DA:508,0
DA:512,0
DA:513,0
DA:514,0
DA:515,0
DA:517,0
DA:518,0
DA:519,0
DA:520,0
DA:527,0
DA:530,0
DA:531,0
DA:532,0
DA:535,0
DA:538,0
DA:539,0
DA:543,0
DA:544,0
DA:548,0
DA:549,0
DA:550,0
DA:551,0
DA:556,0
DA:559,0
DA:560,0
DA:561,0
DA:569,0
DA:571,0
DA:574,0
DA:575,0
DA:576,0
DA:579,0
DA:580,0
DA:584,0
DA:585,0
DA:586,0
DA:587,0
DA:592,0
DA:593,0
DA:597,0
DA:598,0
DA:599,0
DA:601,0
DA:609,0
DA:610,0
DA:611,0
DA:613,0
DA:614,0
DA:615,0
DA:616,0
DA:617,0
DA:618,0
DA:620,0
DA:621,0
DA:625,0
DA:632,0
DA:634,0
DA:635,0
DA:639,0
DA:640,0
DA:648,0
DA:650,0
DA:651,0
DA:652,0
DA:653,0
DA:654,0
DA:663,0
DA:665,0
DA:666,0
DA:675,0
DA:676,0
DA:677,0
DA:678,0
DA:679,0
DA:680,0
DA:683,0
DA:684,0
DA:685,0
DA:688,0
DA:689,0
DA:697,0
DA:712,0
DA:714,0
DA:715,0
DA:716,0
DA:717,0
DA:719,0
DA:725,0
LF:279
LH:0
BRDA:11,0,0,0
BRDA:11,0,1,0
BRDA:12,1,0,0
BRDA:12,1,1,0
BRDA:13,2,0,0
BRDA:13,2,1,0
BRDA:14,3,0,0
BRDA:14,3,1,0
BRDA:114,4,0,0
BRDA:114,4,1,0
BRDA:123,5,0,0
BRDA:123,5,1,0
BRDA:126,6,0,0
BRDA:126,6,1,0
BRDA:136,7,0,0
BRDA:136,7,1,0
BRDA:150,8,0,0
BRDA:150,8,1,0
BRDA:164,9,0,0
BRDA:164,9,1,0
BRDA:183,10,0,0
BRDA:183,10,1,0
BRDA:188,11,0,0
BRDA:188,11,1,0
BRDA:194,12,0,0
BRDA:194,12,1,0
BRDA:200,13,0,0
BRDA:200,13,1,0
BRDA:202,14,0,0
BRDA:202,14,1,0
BRDA:204,15,0,0
BRDA:204,15,1,0
BRDA:204,16,0,0
BRDA:204,16,1,0
BRDA:213,17,0,0
BRDA:213,17,1,0
BRDA:221,18,0,0
BRDA:221,18,1,0
BRDA:234,19,0,0
BRDA:234,19,1,0
BRDA:240,20,0,0
BRDA:240,20,1,0
BRDA:253,21,0,0
BRDA:253,21,1,0
BRDA:260,22,0,0
BRDA:260,22,1,0
BRDA:271,23,0,0
BRDA:271,23,1,0
BRDA:272,24,0,0
BRDA:272,24,1,0
BRDA:347,25,0,0
BRDA:347,25,1,0
BRDA:370,26,0,0
BRDA:370,26,1,0
BRDA:373,27,0,0
BRDA:373,27,1,0
BRDA:382,28,0,0
BRDA:382,28,1,0
BRDA:404,29,0,0
BRDA:404,29,1,0
BRDA:404,30,0,0
BRDA:404,30,1,0
BRDA:426,31,0,0
BRDA:426,31,1,0
BRDA:426,32,0,0
BRDA:426,32,1,0
BRDA:426,32,2,0
BRDA:441,33,0,0
BRDA:441,33,1,0
BRDA:450,34,0,0
BRDA:450,34,1,0
BRDA:460,35,0,0
BRDA:460,35,1,0
BRDA:471,36,0,0
BRDA:471,36,1,0
BRDA:475,37,0,0
BRDA:475,37,1,0
BRDA:475,37,2,0
BRDA:479,38,0,0
BRDA:479,38,1,0
BRDA:480,39,0,0
BRDA:480,39,1,0
BRDA:493,40,0,0
BRDA:493,40,1,0
BRDA:502,41,0,0
BRDA:502,41,1,0
BRDA:517,42,0,0
BRDA:517,42,1,0
BRDA:518,43,0,0
BRDA:518,43,1,0
BRDA:519,44,0,0
BRDA:519,44,1,0
BRDA:520,45,0,0
BRDA:520,45,1,0
BRDA:527,46,0,0
BRDA:527,46,1,0
BRDA:530,47,0,0
BRDA:530,47,1,0
BRDA:538,48,0,0
BRDA:538,48,1,0
BRDA:543,49,0,0
BRDA:543,49,1,0
BRDA:548,50,0,0
BRDA:548,50,1,0
BRDA:559,51,0,0
BRDA:559,51,1,0
BRDA:569,52,0,0
BRDA:569,52,1,0
BRDA:579,53,0,0
BRDA:579,53,1,0
BRDA:584,54,0,0
BRDA:584,54,1,0
BRDA:586,55,0,0
BRDA:586,55,1,0
BRDA:597,56,0,0
BRDA:597,56,1,0
BRDA:598,57,0,0
BRDA:598,57,1,0
BRDA:613,58,0,0
BRDA:613,58,1,0
BRDA:616,59,0,0
BRDA:616,59,1,0
BRDA:634,60,0,0
BRDA:634,60,1,0
BRDA:635,61,0,0
BRDA:635,61,1,0
BRDA:639,62,0,0
BRDA:639,62,1,0
BRDA:650,63,0,0
BRDA:650,63,1,0
BRDA:653,64,0,0
BRDA:653,64,1,0
BRDA:665,65,0,0
BRDA:665,65,1,0
BRDA:673,66,0,0
BRDA:676,67,0,0
BRDA:676,67,1,0
BRDA:714,68,0,0
BRDA:714,68,1,0
BRF:139
BRH:0
end_of_record
TN:
SF:src/js/services/libraryService.js
FN:16,(anonymous_0)
FN:30,(anonymous_1)
FN:46,(anonymous_2)
FN:116,(anonymous_3)
FN:136,(anonymous_4)
FN:168,(anonymous_5)
FN:183,(anonymous_6)
FN:218,(anonymous_7)
FN:234,(anonymous_8)
FN:269,(anonymous_9)
FN:286,(anonymous_10)
FN:313,(anonymous_11)
FN:324,(anonymous_12)
FN:347,(anonymous_13)
FN:352,(anonymous_14)
FN:379,(anonymous_15)
FN:391,(anonymous_16)
FN:418,(anonymous_17)
FN:427,(anonymous_18)
FN:453,(anonymous_19)
FN:458,(anonymous_20)
FN:485,(anonymous_21)
FN:495,(anonymous_22)
FN:505,(anonymous_23)
FN:521,(anonymous_24)
FN:538,(anonymous_25)
FN:541,(anonymous_26)
FNF:27
FNH:18
FNDA:33,(anonymous_0)
FNDA:33,(anonymous_1)
FNDA:18,(anonymous_2)
FNDA:5,(anonymous_3)
FNDA:1,(anonymous_4)
FNDA:2,(anonymous_5)
FNDA:0,(anonymous_6)
FNDA:3,(anonymous_7)
FNDA:0,(anonymous_8)
FNDA:3,(anonymous_9)
FNDA:0,(anonymous_10)
FNDA:2,(anonymous_11)
FNDA:0,(anonymous_12)
FNDA:1,(anonymous_13)
FNDA:0,(anonymous_14)
FNDA:2,(anonymous_15)
FNDA:0,(anonymous_16)
FNDA:2,(anonymous_17)
FNDA:0,(anonymous_18)
FNDA:0,(anonymous_19)
FNDA:0,(anonymous_20)
FNDA:3,(anonymous_21)
FNDA:6,(anonymous_22)
FNDA:3,(anonymous_23)
FNDA:4,(anonymous_24)
FNDA:1,(anonymous_25)
FNDA:6,(anonymous_26)
DA:17,33
DA:18,33
DA:21,33
DA:24,33
DA:31,33
DA:32,33
DA:34,33
DA:35,31
DA:40,2
DA:47,18
DA:49,18
DA:56,18
DA:57,18
DA:61,18
DA:62,0
DA:65,18
DA:72,18
DA:73,3
DA:76,18
DA:77,18
DA:80,17
DA:81,0
DA:82,0
DA:84,0
DA:85,0
DA:86,0
DA:89,0
DA:90,0
DA:91,0
DA:95,17
DA:97,1
DA:98,1
DA:117,5
DA:118,5
DA:121,5
DA:122,5
DA:123,5
DA:124,5
DA:127,5
DA:128,5
DA:129,5
DA:130,5
DA:132,5
DA:133,5
DA:135,4
DA:136,2
DA:137,2
DA:140,2
DA:142,2
DA:148,3
DA:149,3
DA:169,2
DA:170,2
DA:171,2
DA:174,2
DA:175,2
DA:176,2
DA:177,2
DA:179,2
DA:180,2
DA:182,2
DA:183,0
DA:184,0
DA:187,2
DA:189,2
DA:195,0
DA:196,0
DA:219,3
DA:221,3
DA:222,1
DA:224,2
DA:225,1
DA:228,1
DA:233,1
DA:234,0
DA:235,0
DA:238,1
DA:240,1
DA:246,2
DA:247,2
DA:270,3
DA:271,3
DA:272,1
DA:276,2
DA:277,1
DA:280,1
DA:285,1
DA:286,0
DA:287,0
DA:290,1
DA:292,1
DA:298,2
DA:299,2
DA:314,2
DA:315,2
DA:316,1
DA:319,1
DA:323,1
DA:324,0
DA:325,0
DA:328,1
DA:333,1
DA:334,1
DA:348,1
DA:349,1
DA:351,1
DA:352,0
DA:353,0
DA:356,1
DA:358,1
DA:364,0
DA:365,0
DA:380,2
DA:381,2
DA:382,0
DA:385,2
DA:387,2
DA:388,1
DA:389,1
DA:391,0
DA:392,0
DA:395,1
DA:397,1
DA:403,1
DA:404,1
DA:419,2
DA:420,2
DA:421,1
DA:424,1
DA:426,1
DA:427,0
DA:428,0
DA:431,1
DA:433,1
DA:439,1
DA:440,1
DA:454,0
DA:455,0
DA:457,0
DA:458,0
DA:459,0
DA:462,0
DA:464,0
DA:470,0
DA:471,0
DA:486,3
DA:496,6
DA:506,3
DA:512,3
DA:522,4
DA:523,2
DA:524,1
DA:526,1
DA:527,1
DA:529,0
DA:539,1
DA:541,1
DA:542,6
DA:543,3
DA:547,1
DA:552,1
DA:555,1
DA:556,1
LF:163
LH:125
BRDA:21,0,0,3
BRDA:21,0,1,30
BRDA:34,1,0,31
BRDA:34,1,1,2
BRDA:34,2,0,33
BRDA:34,2,1,31
BRDA:46,3,0,14
BRDA:47,4,0,0
BRDA:47,4,1,18
BRDA:56,5,0,18
BRDA:56,5,1,0
BRDA:61,6,0,0
BRDA:61,6,1,18
BRDA:66,7,0,18
BRDA:66,7,1,14
BRDA:72,8,0,3
BRDA:72,8,1,15
BRDA:72,9,0,18
BRDA:72,9,1,4
BRDA:73,10,0,0
BRDA:73,10,1,3
BRDA:80,11,0,0
BRDA:80,11,1,17
BRDA:80,12,0,17
BRDA:80,12,1,2
BRDA:80,12,2,0
BRDA:82,13,0,0
BRDA:82,13,1,0
BRDA:116,14,0,4
BRDA:121,15,0,1
BRDA:121,15,1,4
BRDA:122,16,0,1
BRDA:122,16,1,4
BRDA:123,17,0,1
BRDA:123,17,1,4
BRDA:124,18,0,1
BRDA:124,18,1,4
BRDA:127,19,0,1
BRDA:127,19,1,4
BRDA:128,20,0,1
BRDA:128,20,1,4
BRDA:129,21,0,1
BRDA:129,21,1,4
BRDA:130,22,0,1
BRDA:130,22,1,4
BRDA:132,23,0,1
BRDA:132,23,1,4
BRDA:135,24,0,2
BRDA:135,24,1,2
BRDA:137,25,0,2
BRDA:137,25,1,1
BRDA:151,26,0,3
BRDA:151,26,1,0
BRDA:168,27,0,1
BRDA:174,28,0,1
BRDA:174,28,1,1
BRDA:175,29,0,1
BRDA:175,29,1,1
BRDA:176,30,0,1
BRDA:176,30,1,1
BRDA:177,31,0,1
BRDA:177,31,1,1
BRDA:182,32,0,0
BRDA:182,32,1,2
BRDA:184,33,0,0
BRDA:184,33,1,0
BRDA:198,34,0,0
BRDA:198,34,1,0
BRDA:221,35,0,1
BRDA:221,35,1,2
BRDA:224,36,0,1
BRDA:224,36,1,1
BRDA:224,37,0,2
BRDA:224,37,1,2
BRDA:233,38,0,0
BRDA:233,38,1,1
BRDA:235,39,0,0
BRDA:235,39,1,0
BRDA:249,40,0,2
BRDA:249,40,1,0
BRDA:271,41,0,1
BRDA:271,41,1,2
BRDA:276,42,0,1
BRDA:276,42,1,1
BRDA:276,43,0,2
BRDA:276,43,1,2
BRDA:285,44,0,0
BRDA:285,44,1,1
BRDA:287,45,0,0
BRDA:287,45,1,0
BRDA:301,46,0,2
BRDA:301,46,1,0
BRDA:315,47,0,1
BRDA:315,47,1,1
BRDA:323,48,0,0
BRDA:323,48,1,1
BRDA:325,49,0,0
BRDA:325,49,1,0
BRDA:336,50,0,1
BRDA:336,50,1,0
BRDA:351,51,0,0
BRDA:351,51,1,1
BRDA:353,52,0,0
BRDA:353,52,1,0
BRDA:367,53,0,0
BRDA:367,53,1,0
BRDA:381,54,0,0
BRDA:381,54,1,2
BRDA:387,55,0,1
BRDA:387,55,1,1
BRDA:388,56,0,1
BRDA:388,56,1,0
BRDA:392,57,0,0
BRDA:392,57,1,0
BRDA:406,58,0,1
BRDA:406,58,1,0
BRDA:420,59,0,1
BRDA:420,59,1,1
BRDA:426,60,0,0
BRDA:426,60,1,1
BRDA:428,61,0,0
BRDA:428,61,1,0
BRDA:442,62,0,1
BRDA:442,62,1,0
BRDA:457,63,0,0
BRDA:457,63,1,0
BRDA:459,64,0,0
BRDA:459,64,1,0
BRDA:473,65,0,0
BRDA:473,65,1,0
BRDA:496,66,0,6
BRDA:496,66,1,5
BRDA:496,66,2,4
BRDA:512,67,0,3
BRDA:512,67,1,1
BRDA:522,68,0,2
BRDA:522,68,1,2
BRDA:523,69,0,1
BRDA:523,69,1,1
BRDA:526,70,0,1
BRDA:526,70,1,0
BRDA:542,71,0,3
BRDA:542,71,1,3
BRDA:542,72,0,6
BRDA:542,72,1,5
BRDA:542,72,2,4
BRDA:555,73,0,1
BRDA:555,73,1,0
BRDA:555,74,0,1
BRDA:555,74,1,1
BRF:150
BRH:102
end_of_record
TN:
SF:src/js/utils/confirmDialog.js
FN:7,(anonymous_0)
FN:24,confirmDialog
FN:25,(anonymous_2)
FN:49,(anonymous_3)
FN:67,(anonymous_4)
FN:79,(anonymous_5)
FN:135,(anonymous_6)
FN:153,(anonymous_7)
FN:158,(anonymous_8)
FN:173,(anonymous_9)
FN:181,(anonymous_10)
FN:201,(anonymous_11)
FN:222,(anonymous_12)
FN:231,(anonymous_13)
FN:246,(anonymous_14)
FN:261,(anonymous_15)
FN:264,(anonymous_16)
FN:275,(anonymous_17)
FN:282,(anonymous_18)
FN:295,(anonymous_19)
FN:309,(anonymous_20)
FN:327,(anonymous_21)
FN:341,(anonymous_22)
FN:354,(anonymous_23)
FN:561,confirmDanger
FN:571,confirmWarning
FN:581,confirmInfo
FNF:27
FNH:0
FNDA:0,(anonymous_0)
FNDA:0,confirmDialog
FNDA:0,(anonymous_2)
FNDA:0,(anonymous_3)
FNDA:0,(anonymous_4)
FNDA:0,(anonymous_5)
FNDA:0,(anonymous_6)
FNDA:0,(anonymous_7)
FNDA:0,(anonymous_8)
FNDA:0,(anonymous_9)
FNDA:0,(anonymous_10)
FNDA:0,(anonymous_11)
FNDA:0,(anonymous_12)
FNDA:0,(anonymous_13)
FNDA:0,(anonymous_14)
FNDA:0,(anonymous_15)
FNDA:0,(anonymous_16)
FNDA:0,(anonymous_17)
FNDA:0,(anonymous_18)
FNDA:0,(anonymous_19)
FNDA:0,(anonymous_20)
FNDA:0,(anonymous_21)
FNDA:0,(anonymous_22)
FNDA:0,(anonymous_23)
FNDA:0,confirmDanger
FNDA:0,confirmWarning
FNDA:0,confirmInfo
DA:7,0
DA:25,0
DA:26,0
DA:40,0
DA:41,0
DA:50,0
DA:51,0
DA:52,0
DA:53,0
DA:54,0
DA:55,0
DA:56,0
DA:58,0
DA:59,0
DA:60,0
DA:61,0
DA:68,0
DA:70,0
DA:71,0
DA:72,0
DA:73,0
DA:81,0
DA:82,0
DA:83,0
DA:86,0
DA:87,0
DA:88,0
DA:89,0
DA:90,0
DA:91,0
DA:94,0
DA:119,0
DA:120,0
DA:123,0
DA:126,0
DA:129,0
DA:137,0
DA:138,0
DA:141,0
DA:144,0
DA:147,0
DA:155,0
DA:158,0
DA:159,0
DA:160,0
DA:162,0
DA:167,0
DA:174,0
DA:178,0
DA:179,0
DA:181,0
DA:182,0
DA:183,0
DA:184,0
DA:185,0
DA:186,0
DA:189,0
DA:190,0
DA:191,0
DA:202,0
DA:204,0
DA:205,0
DA:206,0
DA:208,0
DA:209,0
DA:210,0
DA:211,0
DA:212,0
DA:213,0
DA:215,0
DA:223,0
DA:224,0
DA:232,0
DA:233,0
DA:234,0
DA:236,0
DA:240,0
DA:247,0
DA:248,0
DA:249,0
DA:251,0
DA:255,0
DA:262,0
DA:264,0
DA:265,0
DA:266,0
DA:269,0
DA:277,0
DA:278,0
DA:279,0
DA:282,0
DA:283,0
DA:284,0
DA:286,0
DA:287,0
DA:288,0
DA:296,0
DA:297,0
DA:299,0
DA:300,0
DA:301,0
DA:303,0
DA:311,0
DA:314,0
DA:315,0
DA:319,0
DA:320,0
DA:328,0
DA:335,0
DA:342,0
DA:343,0
DA:355,0
DA:357,0
DA:358,0
DA:359,0
DA:556,0
DA:562,0
DA:572,0
DA:582,0
DA:591,0
DA:592,0
DA:599,0
DA:600,0
DA:601,0
DA:602,0
LF:125
LH:0
BRDA:24,0,0,0
BRDA:68,1,0,0
BRDA:68,1,1,0
BRDA:105,2,0,0
BRDA:105,2,1,0
BRDA:159,3,0,0
BRDA:159,3,1,0
BRDA:182,4,0,0
BRDA:182,4,1,0
BRDA:183,5,0,0
BRDA:183,5,1,0
BRDA:184,6,0,0
BRDA:184,6,1,0
BRDA:189,7,0,0
BRDA:189,7,1,0
BRDA:202,8,0,0
BRDA:202,8,1,0
BRDA:208,9,0,0
BRDA:208,9,1,0
BRDA:211,10,0,0
BRDA:211,10,1,0
BRDA:223,11,0,0
BRDA:223,11,1,0
BRDA:232,12,0,0
BRDA:232,12,1,0
BRDA:247,13,0,0
BRDA:247,13,1,0
BRDA:262,14,0,0
BRDA:262,14,1,0
BRDA:314,15,0,0
BRDA:314,15,1,0
BRDA:314,16,0,0
BRDA:314,16,1,0
BRDA:319,17,0,0
BRDA:319,17,1,0
BRDA:319,18,0,0
BRDA:319,18,1,0
BRDA:335,19,0,0
BRDA:335,19,1,0
BRDA:342,20,0,0
BRDA:342,20,1,0
BRDA:355,21,0,0
BRDA:355,21,1,0
BRDA:561,22,0,0
BRDA:571,23,0,0
BRDA:581,24,0,0
BRDA:591,25,0,0
BRDA:591,25,1,0
BRDA:591,26,0,0
BRDA:591,26,1,0
BRF:50
BRH:0
end_of_record
